Entering directory '/home/milnes/APASVERUS/APAS-AI/apas-ai'
================================================================================
COMPILING MODULE: ArraySeqMtEphSlice
================================================================================
Found module files:
  src:   /home/milnes/APASVERUS/APAS-AI/apas-ai/src/Chap19/ArraySeqMtEphSlice.rs
  tests: 1
         /home/milnes/APASVERUS/APAS-AI/apas-ai/tests/Chap19/TestArraySeqMtEphSlice.rs
  bench: 0
================================================================================
STEP 1: Compile library (includes src module)
================================================================================
✓ Library compilation passed
================================================================================
STEP 2: Compile test TestArraySeqMtEphSlice
================================================================================
✓ Test TestArraySeqMtEphSlice compilation passed
================================================================================
✓ ALL COMPILATION COMPLETE for module 'ArraySeqMtEphSlice'
================================================================================

Completed in 3278ms
