Entering directory '/home/milnes/APASVERUS/APAS-AI/apas-ai/src'

/home/milnes/APASVERUS/APAS-AI/apas-ai/src/Chap55/DFSStEph.rs:5:	Adding pub type: pub type T<N> = ArraySeqStEphS<ArraySeqStEphS<N>>;
/home/milnes/APASVERUS/APAS-AI/apas-ai/src/Chap55/DFSStEph.rs:5:	Added pub type
/home/milnes/APASVERUS/APAS-AI/apas-ai/src/Chap55/CycleDetectStPer.rs:5:	Adding pub type: pub type T<N> = ArraySeqStPerS<ArraySeqStPerS<N>>;
/home/milnes/APASVERUS/APAS-AI/apas-ai/src/Chap55/CycleDetectStPer.rs:5:	Added pub type
/home/milnes/APASVERUS/APAS-AI/apas-ai/src/Chap55/DFSStPer.rs:5:	Adding pub type: pub type T<N> = ArraySeqStPerS<ArraySeqStPerS<N>>;
/home/milnes/APASVERUS/APAS-AI/apas-ai/src/Chap55/DFSStPer.rs:5:	Added pub type
/home/milnes/APASVERUS/APAS-AI/apas-ai/src/Chap55/TopoSortStPer.rs:5:	Adding pub type: pub type T<N> = ArraySeqStPerS<ArraySeqStPerS<N>>;
/home/milnes/APASVERUS/APAS-AI/apas-ai/src/Chap55/TopoSortStPer.rs:5:	Added pub type
/home/milnes/APASVERUS/APAS-AI/apas-ai/src/Chap55/TopoSortStEph.rs:5:	Adding pub type: pub type T<N> = ArraySeqStEphS<ArraySeqStEphS<N>>;
/home/milnes/APASVERUS/APAS-AI/apas-ai/src/Chap55/TopoSortStEph.rs:5:	Added pub type
/home/milnes/APASVERUS/APAS-AI/apas-ai/src/Chap55/SCCStEph.rs:5:	Adding pub type: pub type T<N> = ArraySeqStEphS<ArraySeqStEphS<N>>;
/home/milnes/APASVERUS/APAS-AI/apas-ai/src/Chap55/SCCStEph.rs:5:	Added pub type
/home/milnes/APASVERUS/APAS-AI/apas-ai/src/Chap55/CycleDetectStEph.rs:5:	Adding pub type: pub type T<N> = ArraySeqStEphS<ArraySeqStEphS<N>>;
/home/milnes/APASVERUS/APAS-AI/apas-ai/src/Chap55/CycleDetectStEph.rs:5:	Added pub type
/home/milnes/APASVERUS/APAS-AI/apas-ai/src/Chap55/SCCStPer.rs:5:	Adding pub type: pub type T<N> = ArraySeqStPerS<ArraySeqStPerS<N>>;
/home/milnes/APASVERUS/APAS-AI/apas-ai/src/Chap55/SCCStPer.rs:5:	Added pub type
/home/milnes/APASVERUS/APAS-AI/apas-ai/src/Chap35/OrderStatSelectMtEph.rs:5:	Adding pub type: pub type T = N;
/home/milnes/APASVERUS/APAS-AI/apas-ai/src/Chap35/OrderStatSelectMtEph.rs:5:	Added pub type
/home/milnes/APASVERUS/APAS-AI/apas-ai/src/Chap35/OrderStatSelectMtPer.rs:5:	Adding pub type: pub type T = N;
/home/milnes/APASVERUS/APAS-AI/apas-ai/src/Chap35/OrderStatSelectMtPer.rs:5:	Added pub type
/home/milnes/APASVERUS/APAS-AI/apas-ai/src/Chap35/OrderStatSelectStPer.rs:5:	Adding pub type: pub type T = N;
/home/milnes/APASVERUS/APAS-AI/apas-ai/src/Chap35/OrderStatSelectStPer.rs:5:	Added pub type
/home/milnes/APASVERUS/APAS-AI/apas-ai/src/Chap35/OrderStatSelectStEph.rs:5:	Adding pub type: pub type T = N;
/home/milnes/APASVERUS/APAS-AI/apas-ai/src/Chap35/OrderStatSelectStEph.rs:5:	Added pub type
/home/milnes/APASVERUS/APAS-AI/apas-ai/src/Chap41/Example41_3.rs:3:	Adding pub type: pub type T = N;
/home/milnes/APASVERUS/APAS-AI/apas-ai/src/Chap41/Example41_3.rs:3:	Added pub type
/home/milnes/APASVERUS/APAS-AI/apas-ai/src/Chap41/Example41_3.rs:3:	Transforming trait signatures to use &self
/home/milnes/APASVERUS/APAS-AI/apas-ai/src/Chap41/Example41_3.rs:3:	Transformed trait signatures
/home/milnes/APASVERUS/APAS-AI/apas-ai/src/Chap41/Example41_3.rs:3:	Creating impl Trait for T block
Warning: Not all trait methods have standalone pub fn implementations.
Missing: ["demonstrate_set_operations"]
Skipping transformation for this module (needs manual handling).
/home/milnes/APASVERUS/APAS-AI/apas-ai/src/Chap41/Example41_3.rs:1: Error: Incomplete trait implementation - cannot create impl block
/home/milnes/APASVERUS/APAS-AI/apas-ai/src/Chap27/ScanContractMtEph.rs:3:	Adding pub type: pub type T<N> = ArraySeqMtEphS<N>;
/home/milnes/APASVERUS/APAS-AI/apas-ai/src/Chap27/ScanContractMtEph.rs:3:	Added pub type
/home/milnes/APASVERUS/APAS-AI/apas-ai/src/Chap27/ScanContractStEph.rs:3:	Adding pub type: pub type T<N> = ArraySeqStEphS<N>;
/home/milnes/APASVERUS/APAS-AI/apas-ai/src/Chap27/ScanContractStEph.rs:3:	Added pub type
/home/milnes/APASVERUS/APAS-AI/apas-ai/src/Chap27/ReduceContractMtEph.rs:3:	Adding pub type: pub type T<N> = ArraySeqMtEphS<N>;
/home/milnes/APASVERUS/APAS-AI/apas-ai/src/Chap27/ReduceContractMtEph.rs:3:	Added pub type
/home/milnes/APASVERUS/APAS-AI/apas-ai/src/Chap27/ReduceContractStEph.rs:3:	Adding pub type: pub type T<N> = ArraySeqStEphS<N>;
/home/milnes/APASVERUS/APAS-AI/apas-ai/src/Chap27/ReduceContractStEph.rs:3:	Added pub type
/home/milnes/APASVERUS/APAS-AI/apas-ai/src/Chap42/Example42_1.rs:3:	Adding pub type: pub type T = N;
/home/milnes/APASVERUS/APAS-AI/apas-ai/src/Chap42/Example42_1.rs:3:	Added pub type
/home/milnes/APASVERUS/APAS-AI/apas-ai/src/Chap42/Example42_1.rs:3:	Transforming trait signatures to use &self
/home/milnes/APASVERUS/APAS-AI/apas-ai/src/Chap42/Example42_1.rs:3:	Transformed trait signatures
/home/milnes/APASVERUS/APAS-AI/apas-ai/src/Chap42/Example42_1.rs:3:	Creating impl Trait for T block
Warning: Not all trait methods have standalone pub fn implementations.
Missing: ["demonstrate_table_operations"]
Skipping transformation for this module (needs manual handling).
/home/milnes/APASVERUS/APAS-AI/apas-ai/src/Chap42/Example42_1.rs:1: Error: Incomplete trait implementation - cannot create impl block
/home/milnes/APASVERUS/APAS-AI/apas-ai/src/Chap26/DivConReduceSt.rs:3:	Adding pub type: pub type T<N> = ArraySeqStPerS<N>;
/home/milnes/APASVERUS/APAS-AI/apas-ai/src/Chap26/DivConReduceSt.rs:3:	Added pub type
/home/milnes/APASVERUS/APAS-AI/apas-ai/src/Chap26/MergeSortSt.rs:3:	Adding pub type: pub type T<N> = ArraySeqStPerS<N>;
/home/milnes/APASVERUS/APAS-AI/apas-ai/src/Chap26/MergeSortSt.rs:3:	Added pub type
/home/milnes/APASVERUS/APAS-AI/apas-ai/src/Chap26/DivConReduceMt.rs:4:	Adding pub type: pub type T<N> = ArraySeqMtPerS<N>;
/home/milnes/APASVERUS/APAS-AI/apas-ai/src/Chap26/DivConReduceMt.rs:4:	Added pub type
/home/milnes/APASVERUS/APAS-AI/apas-ai/src/Chap26/MergeSortMt.rs:4:	Adding pub type: pub type T<N> = ArraySeqMtPerS<N>;
/home/milnes/APASVERUS/APAS-AI/apas-ai/src/Chap26/MergeSortMt.rs:4:	Added pub type
/home/milnes/APASVERUS/APAS-AI/apas-ai/src/Chap58/BellmanFordStEphFloat.rs:11:	Adding pub type: pub type T = WeightedDirGraphStEphFloat<usize>;
/home/milnes/APASVERUS/APAS-AI/apas-ai/src/Chap58/BellmanFordStEphFloat.rs:11:	Added pub type
/home/milnes/APASVERUS/APAS-AI/apas-ai/src/Chap58/BellmanFordStEphFloat.rs:11:	Transforming trait signatures to use &self
/home/milnes/APASVERUS/APAS-AI/apas-ai/src/Chap58/BellmanFordStEphFloat.rs:11:	Transformed trait signatures
/home/milnes/APASVERUS/APAS-AI/apas-ai/src/Chap58/BellmanFordStEphFloat.rs:11:	Creating impl Trait for T block
/home/milnes/APASVERUS/APAS-AI/apas-ai/src/Chap58/BellmanFordStEphFloat.rs:11:	Created impl block
/home/milnes/APASVERUS/APAS-AI/apas-ai/src/Chap58/BellmanFordStEphFloat.rs:11:	Removing redundant standalone pub fn
/home/milnes/APASVERUS/APAS-AI/apas-ai/src/Chap58/BellmanFordStEphFloat.rs:11:	Removed standalone pub fn
/home/milnes/APASVERUS/APAS-AI/apas-ai/tests/Chap58/TestBellmanFordStEphFloat.rs:1:	Fixing test call sites
/home/milnes/APASVERUS/APAS-AI/apas-ai/tests/Chap58/TestBellmanFordStEphFloat.rs:1:	Fixed test call sites
/home/milnes/APASVERUS/APAS-AI/apas-ai/benches/Chap58/BenchBellmanFordStEphFloat.rs:1:	Fixing bench call sites
/home/milnes/APASVERUS/APAS-AI/apas-ai/benches/Chap58/BenchBellmanFordStEphFloat.rs:1:	Fixed bench call sites
/home/milnes/APASVERUS/APAS-AI/apas-ai/src/Chap58/BellmanFordStEphInt.rs:11:	Adding pub type: pub type T = WeightedDirGraphStEphInt<usize>;
/home/milnes/APASVERUS/APAS-AI/apas-ai/src/Chap58/BellmanFordStEphInt.rs:11:	Added pub type
/home/milnes/APASVERUS/APAS-AI/apas-ai/src/Chap58/BellmanFordStEphInt.rs:11:	Transforming trait signatures to use &self
/home/milnes/APASVERUS/APAS-AI/apas-ai/src/Chap58/BellmanFordStEphInt.rs:11:	Transformed trait signatures
/home/milnes/APASVERUS/APAS-AI/apas-ai/src/Chap58/BellmanFordStEphInt.rs:11:	Creating impl Trait for T block
/home/milnes/APASVERUS/APAS-AI/apas-ai/src/Chap58/BellmanFordStEphInt.rs:11:	Created impl block
/home/milnes/APASVERUS/APAS-AI/apas-ai/src/Chap58/BellmanFordStEphInt.rs:11:	Removing redundant standalone pub fn
/home/milnes/APASVERUS/APAS-AI/apas-ai/src/Chap58/BellmanFordStEphInt.rs:11:	Removed standalone pub fn
/home/milnes/APASVERUS/APAS-AI/apas-ai/tests/Chap58/TestBellmanFordStEphInt.rs:1:	Fixing test call sites
/home/milnes/APASVERUS/APAS-AI/apas-ai/tests/Chap58/TestBellmanFordStEphInt.rs:1:	Fixed test call sites
/home/milnes/APASVERUS/APAS-AI/apas-ai/benches/Chap58/BenchBellmanFordStEphInt.rs:1:	Fixing bench call sites
/home/milnes/APASVERUS/APAS-AI/apas-ai/benches/Chap58/BenchBellmanFordStEphInt.rs:1:	Fixed bench call sites
/home/milnes/APASVERUS/APAS-AI/apas-ai/src/Chap62/StarPartitionStEph.rs:7:	Adding pub type: pub type T<V> = UnDirGraphStEph<V>;
/home/milnes/APASVERUS/APAS-AI/apas-ai/src/Chap62/StarPartitionStEph.rs:7:	Added pub type
/home/milnes/APASVERUS/APAS-AI/apas-ai/src/Chap62/StarContractionMtEph.rs:6:	Adding pub type: pub type T<V> = UnDirGraphMtEph<V>;
/home/milnes/APASVERUS/APAS-AI/apas-ai/src/Chap62/StarContractionMtEph.rs:6:	Added pub type
/home/milnes/APASVERUS/APAS-AI/apas-ai/src/Chap62/StarPartitionMtEph.rs:6:	Adding pub type: pub type T<V> = UnDirGraphMtEph<V>;
/home/milnes/APASVERUS/APAS-AI/apas-ai/src/Chap62/StarPartitionMtEph.rs:6:	Added pub type
/home/milnes/APASVERUS/APAS-AI/apas-ai/src/Chap62/StarContractionStEph.rs:6:	Adding pub type: pub type T<V> = UnDirGraphStEph<V>;
/home/milnes/APASVERUS/APAS-AI/apas-ai/src/Chap62/StarContractionStEph.rs:6:	Added pub type
/home/milnes/APASVERUS/APAS-AI/apas-ai/src/Chap11/FibonacciMt.rs:4:	Adding pub type: pub type T = N;
/home/milnes/APASVERUS/APAS-AI/apas-ai/src/Chap11/FibonacciMt.rs:4:	Added pub type
/home/milnes/APASVERUS/APAS-AI/apas-ai/src/Chap11/FibonacciMt.rs:4:	Transforming trait signatures to use &self
/home/milnes/APASVERUS/APAS-AI/apas-ai/src/Chap11/FibonacciMt.rs:4:	Transformed trait signatures
/home/milnes/APASVERUS/APAS-AI/apas-ai/src/Chap11/FibonacciMt.rs:4:	Creating impl Trait for T block
/home/milnes/APASVERUS/APAS-AI/apas-ai/src/Chap11/FibonacciMt.rs:4:	Created impl block
/home/milnes/APASVERUS/APAS-AI/apas-ai/src/Chap11/FibonacciMt.rs:4:	Removing redundant standalone pub fn
/home/milnes/APASVERUS/APAS-AI/apas-ai/src/Chap11/FibonacciMt.rs:4:	Removed standalone pub fn
/home/milnes/APASVERUS/APAS-AI/apas-ai/tests/Chap11/TestFibonacciMt.rs:1:	Fixing test call sites
/home/milnes/APASVERUS/APAS-AI/apas-ai/tests/Chap11/TestFibonacciMt.rs:1:	Fixed test call sites
/home/milnes/APASVERUS/APAS-AI/apas-ai/benches/Chap11/BenchFibonacciMt.rs:1:	Fixing bench call sites
/home/milnes/APASVERUS/APAS-AI/apas-ai/benches/Chap11/BenchFibonacciMt.rs:1:	Fixed bench call sites
/home/milnes/APASVERUS/APAS-AI/apas-ai/src/Chap03/InsertionSortSt.rs:3:	Adding pub type: pub type T<N> = [N];
/home/milnes/APASVERUS/APAS-AI/apas-ai/src/Chap03/InsertionSortSt.rs:3:	Added pub type
/home/milnes/APASVERUS/APAS-AI/apas-ai/src/Chap21/Problem21_1.rs:3:	Adding pub type: pub type T = N;
/home/milnes/APASVERUS/APAS-AI/apas-ai/src/Chap21/Problem21_1.rs:3:	Added pub type
/home/milnes/APASVERUS/APAS-AI/apas-ai/src/Chap21/Problem21_1.rs:3:	Transforming trait signatures to use &self
/home/milnes/APASVERUS/APAS-AI/apas-ai/src/Chap21/Problem21_1.rs:3:	Transformed trait signatures
/home/milnes/APASVERUS/APAS-AI/apas-ai/src/Chap21/Problem21_1.rs:3:	Creating impl Trait for T block
/home/milnes/APASVERUS/APAS-AI/apas-ai/src/Chap21/Problem21_1.rs:3:	Created impl block
/home/milnes/APASVERUS/APAS-AI/apas-ai/src/Chap21/Problem21_1.rs:3:	Removing redundant standalone pub fn
/home/milnes/APASVERUS/APAS-AI/apas-ai/src/Chap21/Problem21_1.rs:3:	Removed standalone pub fn
/home/milnes/APASVERUS/APAS-AI/apas-ai/tests/Chap21/TestProblem_21_1.rs:1:	Fixing test call sites
/home/milnes/APASVERUS/APAS-AI/apas-ai/tests/Chap21/TestProblem_21_1.rs:1:	Fixed test call sites
/home/milnes/APASVERUS/APAS-AI/apas-ai/src/Chap21/Problem21_3.rs:3:	Adding pub type: pub type T = N;
/home/milnes/APASVERUS/APAS-AI/apas-ai/src/Chap21/Problem21_3.rs:3:	Added pub type
/home/milnes/APASVERUS/APAS-AI/apas-ai/src/Chap21/Problem21_3.rs:3:	Transforming trait signatures to use &self
/home/milnes/APASVERUS/APAS-AI/apas-ai/src/Chap21/Problem21_3.rs:3:	Transformed trait signatures
/home/milnes/APASVERUS/APAS-AI/apas-ai/src/Chap21/Problem21_3.rs:3:	Creating impl Trait for T block
/home/milnes/APASVERUS/APAS-AI/apas-ai/src/Chap21/Problem21_3.rs:3:	Created impl block
/home/milnes/APASVERUS/APAS-AI/apas-ai/src/Chap21/Problem21_3.rs:3:	Removing redundant standalone pub fn
/home/milnes/APASVERUS/APAS-AI/apas-ai/src/Chap21/Problem21_3.rs:3:	Removed standalone pub fn
/home/milnes/APASVERUS/APAS-AI/apas-ai/tests/Chap21/TestProblem_21_3.rs:1:	Fixing test call sites
/home/milnes/APASVERUS/APAS-AI/apas-ai/tests/Chap21/TestProblem_21_3.rs:1:	Fixed test call sites
/home/milnes/APASVERUS/APAS-AI/apas-ai/src/Chap21/Exercise21_5.rs:3:	Adding pub type: pub type T<N> = ArraySeqStPerS<N>;
/home/milnes/APASVERUS/APAS-AI/apas-ai/src/Chap21/Exercise21_5.rs:3:	Added pub type
/home/milnes/APASVERUS/APAS-AI/apas-ai/src/Chap21/Exercise21_9.rs:1: Error: Cannot determine meaningful pub type for this module
/home/milnes/APASVERUS/APAS-AI/apas-ai/src/Chap21/Algorithm21_2.rs:3:	Adding pub type: pub type T = N;
/home/milnes/APASVERUS/APAS-AI/apas-ai/src/Chap21/Algorithm21_2.rs:3:	Added pub type
/home/milnes/APASVERUS/APAS-AI/apas-ai/src/Chap21/Algorithm21_2.rs:3:	Transforming trait signatures to use &self
/home/milnes/APASVERUS/APAS-AI/apas-ai/src/Chap21/Algorithm21_2.rs:3:	Transformed trait signatures
/home/milnes/APASVERUS/APAS-AI/apas-ai/src/Chap21/Algorithm21_2.rs:3:	Creating impl Trait for T block
/home/milnes/APASVERUS/APAS-AI/apas-ai/src/Chap21/Algorithm21_2.rs:3:	Created impl block
/home/milnes/APASVERUS/APAS-AI/apas-ai/src/Chap21/Algorithm21_2.rs:3:	Removing redundant standalone pub fn
/home/milnes/APASVERUS/APAS-AI/apas-ai/src/Chap21/Algorithm21_2.rs:3:	Removed standalone pub fn
/home/milnes/APASVERUS/APAS-AI/apas-ai/tests/Chap21/TestAlgorithm_21_2.rs:1:	Fixing test call sites
/home/milnes/APASVERUS/APAS-AI/apas-ai/tests/Chap21/TestAlgorithm_21_2.rs:1:	Fixed test call sites
/home/milnes/APASVERUS/APAS-AI/apas-ai/src/Chap21/Algorithm21_1.rs:3:	Adding pub type: pub type T = N;
/home/milnes/APASVERUS/APAS-AI/apas-ai/src/Chap21/Algorithm21_1.rs:3:	Added pub type
/home/milnes/APASVERUS/APAS-AI/apas-ai/src/Chap21/Algorithm21_1.rs:3:	Transforming trait signatures to use &self
/home/milnes/APASVERUS/APAS-AI/apas-ai/src/Chap21/Algorithm21_1.rs:3:	Transformed trait signatures
/home/milnes/APASVERUS/APAS-AI/apas-ai/src/Chap21/Algorithm21_1.rs:3:	Creating impl Trait for T block
/home/milnes/APASVERUS/APAS-AI/apas-ai/src/Chap21/Algorithm21_1.rs:3:	Created impl block
/home/milnes/APASVERUS/APAS-AI/apas-ai/src/Chap21/Algorithm21_1.rs:3:	Removing redundant standalone pub fn
/home/milnes/APASVERUS/APAS-AI/apas-ai/src/Chap21/Algorithm21_1.rs:3:	Removed standalone pub fn
/home/milnes/APASVERUS/APAS-AI/apas-ai/tests/Chap21/TestAlgorithm_21_1.rs:1:	Fixing test call sites
/home/milnes/APASVERUS/APAS-AI/apas-ai/tests/Chap21/TestAlgorithm_21_1.rs:1:	Fixed test call sites
/home/milnes/APASVERUS/APAS-AI/apas-ai/src/Chap21/Algorithm21_5.rs:3:	Adding pub type: pub type T = N;
/home/milnes/APASVERUS/APAS-AI/apas-ai/src/Chap21/Algorithm21_5.rs:3:	Added pub type
/home/milnes/APASVERUS/APAS-AI/apas-ai/src/Chap21/Algorithm21_5.rs:3:	Transforming trait signatures to use &self
/home/milnes/APASVERUS/APAS-AI/apas-ai/src/Chap21/Algorithm21_5.rs:3:	Transformed trait signatures
/home/milnes/APASVERUS/APAS-AI/apas-ai/src/Chap21/Algorithm21_5.rs:3:	Creating impl Trait for T block
/home/milnes/APASVERUS/APAS-AI/apas-ai/src/Chap21/Algorithm21_5.rs:3:	Created impl block
/home/milnes/APASVERUS/APAS-AI/apas-ai/src/Chap21/Algorithm21_5.rs:3:	Removing redundant standalone pub fn
/home/milnes/APASVERUS/APAS-AI/apas-ai/src/Chap21/Algorithm21_5.rs:3:	Removed standalone pub fn
/home/milnes/APASVERUS/APAS-AI/apas-ai/tests/Chap21/TestAlgorithm_21_5.rs:1:	Fixing test call sites
/home/milnes/APASVERUS/APAS-AI/apas-ai/tests/Chap21/TestAlgorithm_21_5.rs:1:	Fixed test call sites
/home/milnes/APASVERUS/APAS-AI/apas-ai/src/Chap21/Exercise21_8.rs:3:	Adding pub type: pub type T = N;
/home/milnes/APASVERUS/APAS-AI/apas-ai/src/Chap21/Exercise21_8.rs:3:	Added pub type
/home/milnes/APASVERUS/APAS-AI/apas-ai/src/Chap21/Exercise21_8.rs:3:	Transforming trait signatures to use &self
/home/milnes/APASVERUS/APAS-AI/apas-ai/src/Chap21/Exercise21_8.rs:3:	Transformed trait signatures
/home/milnes/APASVERUS/APAS-AI/apas-ai/src/Chap21/Exercise21_8.rs:3:	Creating impl Trait for T block
/home/milnes/APASVERUS/APAS-AI/apas-ai/src/Chap21/Exercise21_8.rs:3:	Created impl block
/home/milnes/APASVERUS/APAS-AI/apas-ai/src/Chap21/Exercise21_8.rs:3:	Removing redundant standalone pub fn
/home/milnes/APASVERUS/APAS-AI/apas-ai/src/Chap21/Exercise21_8.rs:3:	Removed standalone pub fn
/home/milnes/APASVERUS/APAS-AI/apas-ai/tests/Chap21/TestExercise_21_8.rs:1:	Fixing test call sites
/home/milnes/APASVERUS/APAS-AI/apas-ai/tests/Chap21/TestExercise_21_8.rs:1:	Fixed test call sites
/home/milnes/APASVERUS/APAS-AI/apas-ai/src/Chap21/Problem21_4.rs:3:	Adding pub type: pub type T<N> = ArraySeqStPerS<N>;
/home/milnes/APASVERUS/APAS-AI/apas-ai/src/Chap21/Problem21_4.rs:3:	Added pub type
/home/milnes/APASVERUS/APAS-AI/apas-ai/src/Chap21/Exercise21_7.rs:3:	Adding pub type: pub type T = N;
/home/milnes/APASVERUS/APAS-AI/apas-ai/src/Chap21/Exercise21_7.rs:3:	Added pub type
/home/milnes/APASVERUS/APAS-AI/apas-ai/src/Chap21/Exercise21_7.rs:3:	Transforming trait signatures to use &self
/home/milnes/APASVERUS/APAS-AI/apas-ai/src/Chap21/Exercise21_7.rs:3:	Transformed trait signatures
/home/milnes/APASVERUS/APAS-AI/apas-ai/src/Chap21/Exercise21_7.rs:3:	Creating impl Trait for T block
/home/milnes/APASVERUS/APAS-AI/apas-ai/src/Chap21/Exercise21_7.rs:3:	Created impl block
/home/milnes/APASVERUS/APAS-AI/apas-ai/src/Chap21/Exercise21_7.rs:3:	Removing redundant standalone pub fn
/home/milnes/APASVERUS/APAS-AI/apas-ai/src/Chap21/Exercise21_7.rs:3:	Removed standalone pub fn
/home/milnes/APASVERUS/APAS-AI/apas-ai/tests/Chap21/TestExercise_21_7.rs:1:	Fixing test call sites
/home/milnes/APASVERUS/APAS-AI/apas-ai/tests/Chap21/TestExercise_21_7.rs:1:	Fixed test call sites
/home/milnes/APASVERUS/APAS-AI/apas-ai/src/Chap21/Exercise21_6.rs:1: Error: Cannot determine meaningful pub type for this module
/home/milnes/APASVERUS/APAS-AI/apas-ai/src/Chap21/Algorithm21_6.rs:3:	Adding pub type: pub type T = N;
/home/milnes/APASVERUS/APAS-AI/apas-ai/src/Chap21/Algorithm21_6.rs:3:	Added pub type
/home/milnes/APASVERUS/APAS-AI/apas-ai/src/Chap21/Algorithm21_6.rs:3:	Transforming trait signatures to use &self
/home/milnes/APASVERUS/APAS-AI/apas-ai/src/Chap21/Algorithm21_6.rs:3:	Transformed trait signatures
/home/milnes/APASVERUS/APAS-AI/apas-ai/src/Chap21/Algorithm21_6.rs:3:	Creating impl Trait for T block
/home/milnes/APASVERUS/APAS-AI/apas-ai/src/Chap21/Algorithm21_6.rs:3:	Created impl block
/home/milnes/APASVERUS/APAS-AI/apas-ai/src/Chap21/Algorithm21_6.rs:3:	Removing redundant standalone pub fn
/home/milnes/APASVERUS/APAS-AI/apas-ai/src/Chap21/Algorithm21_6.rs:3:	Removed standalone pub fn
/home/milnes/APASVERUS/APAS-AI/apas-ai/tests/Chap21/TestAlgorithm21_6.rs:1:	Fixing test call sites
/home/milnes/APASVERUS/APAS-AI/apas-ai/tests/Chap21/TestAlgorithm21_6.rs:1:	Fixed test call sites
/home/milnes/APASVERUS/APAS-AI/apas-ai/src/Chap63/ConnectivityStEph.rs:9:	Adding pub type: pub type T<V> = UnDirGraphStEph<V>;
/home/milnes/APASVERUS/APAS-AI/apas-ai/src/Chap63/ConnectivityStEph.rs:9:	Added pub type
/home/milnes/APASVERUS/APAS-AI/apas-ai/src/Chap63/ConnectivityMtEph.rs:9:	Adding pub type: pub type T<V> = UnDirGraphMtEph<V>;
/home/milnes/APASVERUS/APAS-AI/apas-ai/src/Chap63/ConnectivityMtEph.rs:9:	Added pub type
/home/milnes/APASVERUS/APAS-AI/apas-ai/src/Chap65/KruskalStEph.rs:6:	Adding pub type: pub type T<V> = LabUnDirGraphStEph<V, OrderedFloat<f64>>;
/home/milnes/APASVERUS/APAS-AI/apas-ai/src/Chap65/KruskalStEph.rs:6:	Added pub type
/home/milnes/APASVERUS/APAS-AI/apas-ai/src/Chap65/PrimStEph.rs:6:	Adding pub type: pub type T<V> = LabUnDirGraphStEph<V, OrderedFloat<f64>>;
/home/milnes/APASVERUS/APAS-AI/apas-ai/src/Chap65/PrimStEph.rs:6:	Added pub type
/home/milnes/APASVERUS/APAS-AI/apas-ai/src/Chap54/BFSMtPer.rs:5:	Adding pub type: pub type T<N> = ArraySeqMtPerS<ArraySeqMtPerS<N>>;
/home/milnes/APASVERUS/APAS-AI/apas-ai/src/Chap54/BFSMtPer.rs:5:	Added pub type
/home/milnes/APASVERUS/APAS-AI/apas-ai/src/Chap54/BFSStPer.rs:5:	Adding pub type: pub type T<N> = ArraySeqStPerS<ArraySeqStPerS<N>>;
/home/milnes/APASVERUS/APAS-AI/apas-ai/src/Chap54/BFSStPer.rs:5:	Added pub type
/home/milnes/APASVERUS/APAS-AI/apas-ai/src/Chap54/BFSMtEph.rs:5:	Adding pub type: pub type T<N> = ArraySeqMtEphS<ArraySeqMtEphS<N>>;
/home/milnes/APASVERUS/APAS-AI/apas-ai/src/Chap54/BFSMtEph.rs:5:	Added pub type
/home/milnes/APASVERUS/APAS-AI/apas-ai/src/Chap54/BFSStEph.rs:5:	Adding pub type: pub type T<N> = ArraySeqStEphS<ArraySeqStEphS<N>>;
/home/milnes/APASVERUS/APAS-AI/apas-ai/src/Chap54/BFSStEph.rs:5:	Added pub type
/home/milnes/APASVERUS/APAS-AI/apas-ai/src/Chap45/Example45_2.rs:3:	Adding pub type: pub type T = N;
/home/milnes/APASVERUS/APAS-AI/apas-ai/src/Chap45/Example45_2.rs:3:	Added pub type
/home/milnes/APASVERUS/APAS-AI/apas-ai/src/Chap45/Example45_2.rs:3:	Transforming trait signatures to use &self
/home/milnes/APASVERUS/APAS-AI/apas-ai/src/Chap45/Example45_2.rs:3:	Transformed trait signatures
/home/milnes/APASVERUS/APAS-AI/apas-ai/src/Chap45/Example45_2.rs:3:	Creating impl Trait for T block
/home/milnes/APASVERUS/APAS-AI/apas-ai/src/Chap45/Example45_2.rs:3:	Created impl block
/home/milnes/APASVERUS/APAS-AI/apas-ai/src/Chap45/Example45_2.rs:3:	Removing redundant standalone pub fn
/home/milnes/APASVERUS/APAS-AI/apas-ai/src/Chap45/Example45_2.rs:3:	Removed standalone pub fn
/home/milnes/APASVERUS/APAS-AI/apas-ai/src/Chap12/Exercise12_2.rs:3:	Adding pub type: pub type T = usize;
/home/milnes/APASVERUS/APAS-AI/apas-ai/src/Chap12/Exercise12_2.rs:3:	Added pub type
/home/milnes/APASVERUS/APAS-AI/apas-ai/src/Chap57/DijkstraStEphInt.rs:9:	Adding pub type: pub type T = WeightedDirGraphStEphInt<usize>;
/home/milnes/APASVERUS/APAS-AI/apas-ai/src/Chap57/DijkstraStEphInt.rs:9:	Added pub type
/home/milnes/APASVERUS/APAS-AI/apas-ai/src/Chap57/DijkstraStEphInt.rs:9:	Transforming trait signatures to use &self
/home/milnes/APASVERUS/APAS-AI/apas-ai/src/Chap57/DijkstraStEphInt.rs:9:	Transformed trait signatures
/home/milnes/APASVERUS/APAS-AI/apas-ai/src/Chap57/DijkstraStEphInt.rs:9:	Creating impl Trait for T block
/home/milnes/APASVERUS/APAS-AI/apas-ai/src/Chap57/DijkstraStEphInt.rs:9:	Created impl block
/home/milnes/APASVERUS/APAS-AI/apas-ai/src/Chap57/DijkstraStEphInt.rs:9:	Removing redundant standalone pub fn
/home/milnes/APASVERUS/APAS-AI/apas-ai/src/Chap57/DijkstraStEphInt.rs:9:	Removed standalone pub fn
/home/milnes/APASVERUS/APAS-AI/apas-ai/tests/Chap57/TestDijkstraStEphInt.rs:1:	Fixing test call sites
/home/milnes/APASVERUS/APAS-AI/apas-ai/tests/Chap57/TestDijkstraStEphInt.rs:1:	Fixed test call sites
/home/milnes/APASVERUS/APAS-AI/apas-ai/benches/Chap57/BenchDijkstraStEphInt.rs:1:	Fixing bench call sites
/home/milnes/APASVERUS/APAS-AI/apas-ai/benches/Chap57/BenchDijkstraStEphInt.rs:1:	Fixed bench call sites
/home/milnes/APASVERUS/APAS-AI/apas-ai/src/Chap57/DijkstraStEphFloat.rs:9:	Adding pub type: pub type T = WeightedDirGraphStEphFloat<usize>;
/home/milnes/APASVERUS/APAS-AI/apas-ai/src/Chap57/DijkstraStEphFloat.rs:9:	Added pub type
/home/milnes/APASVERUS/APAS-AI/apas-ai/src/Chap57/DijkstraStEphFloat.rs:9:	Transforming trait signatures to use &self
/home/milnes/APASVERUS/APAS-AI/apas-ai/src/Chap57/DijkstraStEphFloat.rs:9:	Transformed trait signatures
/home/milnes/APASVERUS/APAS-AI/apas-ai/src/Chap57/DijkstraStEphFloat.rs:9:	Creating impl Trait for T block
/home/milnes/APASVERUS/APAS-AI/apas-ai/src/Chap57/DijkstraStEphFloat.rs:9:	Created impl block
/home/milnes/APASVERUS/APAS-AI/apas-ai/src/Chap57/DijkstraStEphFloat.rs:9:	Removing redundant standalone pub fn
/home/milnes/APASVERUS/APAS-AI/apas-ai/src/Chap57/DijkstraStEphFloat.rs:9:	Removed standalone pub fn
/home/milnes/APASVERUS/APAS-AI/apas-ai/tests/Chap57/TestDijkstraStEphFloat.rs:1:	Fixing test call sites
/home/milnes/APASVERUS/APAS-AI/apas-ai/tests/Chap57/TestDijkstraStEphFloat.rs:1:	Fixed test call sites
/home/milnes/APASVERUS/APAS-AI/apas-ai/benches/Chap57/BenchDijkstraStEphFloat.rs:1:	Fixing bench call sites
/home/milnes/APASVERUS/APAS-AI/apas-ai/benches/Chap57/BenchDijkstraStEphFloat.rs:1:	Fixed bench call sites
/home/milnes/APASVERUS/APAS-AI/apas-ai/src/Chap61/VertexMatchingStEph.rs:7:	Adding pub type: pub type T<V> = UnDirGraphStEph<V>;
/home/milnes/APASVERUS/APAS-AI/apas-ai/src/Chap61/VertexMatchingStEph.rs:7:	Added pub type
/home/milnes/APASVERUS/APAS-AI/apas-ai/src/Chap61/EdgeContractionMtEph.rs:6:	Adding pub type: pub type T<V> = UnDirGraphMtEph<V>;
/home/milnes/APASVERUS/APAS-AI/apas-ai/src/Chap61/EdgeContractionMtEph.rs:6:	Added pub type
/home/milnes/APASVERUS/APAS-AI/apas-ai/src/Chap61/VertexMatchingMtEph.rs:6:	Adding pub type: pub type T<V> = UnDirGraphMtEph<V>;
/home/milnes/APASVERUS/APAS-AI/apas-ai/src/Chap61/VertexMatchingMtEph.rs:6:	Added pub type
/home/milnes/APASVERUS/APAS-AI/apas-ai/src/Chap61/EdgeContractionStEph.rs:7:	Adding pub type: pub type T<V> = UnDirGraphStEph<V>;
/home/milnes/APASVERUS/APAS-AI/apas-ai/src/Chap61/EdgeContractionStEph.rs:7:	Added pub type
/home/milnes/APASVERUS/APAS-AI/apas-ai/src/Chap36/QuickSortMtSlice.rs:3:	Adding pub type: pub type T = N;
/home/milnes/APASVERUS/APAS-AI/apas-ai/src/Chap36/QuickSortMtSlice.rs:3:	Added pub type
/home/milnes/APASVERUS/APAS-AI/apas-ai/src/Chap36/QuickSortSt.rs:3:	Adding pub type: pub type T = N;
/home/milnes/APASVERUS/APAS-AI/apas-ai/src/Chap36/QuickSortSt.rs:3:	Added pub type
/home/milnes/APASVERUS/APAS-AI/apas-ai/src/Chap36/QuickSortMt.rs:3:	Adding pub type: pub type T = N;
/home/milnes/APASVERUS/APAS-AI/apas-ai/src/Chap36/QuickSortMt.rs:3:	Added pub type
/home/milnes/APASVERUS/APAS-AI/apas-ai/src/Chap28/MaxContigSubSumReducedStEph.rs:3:	Adding pub type: pub type T = ArraySeqStEphS<i32>;
/home/milnes/APASVERUS/APAS-AI/apas-ai/src/Chap28/MaxContigSubSumReducedStEph.rs:3:	Added pub type
/home/milnes/APASVERUS/APAS-AI/apas-ai/src/Chap28/MaxContigSubSumOptStEph.rs:3:	Adding pub type: pub type T = ArraySeqStEphS<i32>;
/home/milnes/APASVERUS/APAS-AI/apas-ai/src/Chap28/MaxContigSubSumOptStEph.rs:3:	Added pub type
/home/milnes/APASVERUS/APAS-AI/apas-ai/src/Chap28/MaxContigSubSumDivConMtEph.rs:7:	Adding pub type: pub type T = ArraySeqMtEphS<i32>;
/home/milnes/APASVERUS/APAS-AI/apas-ai/src/Chap28/MaxContigSubSumDivConMtEph.rs:7:	Added pub type
/home/milnes/APASVERUS/APAS-AI/apas-ai/src/Chap28/MaxContigSubSumDivConOptMtEph.rs:7:	Adding pub type: pub type T = ArraySeqMtEphS<i32>;
/home/milnes/APASVERUS/APAS-AI/apas-ai/src/Chap28/MaxContigSubSumDivConOptMtEph.rs:7:	Added pub type
/home/milnes/APASVERUS/APAS-AI/apas-ai/src/Chap28/MaxContigSubSumDivConOptStEph.rs:7:	Adding pub type: pub type T = ArraySeqStEphS<i32>;
/home/milnes/APASVERUS/APAS-AI/apas-ai/src/Chap28/MaxContigSubSumDivConOptStEph.rs:7:	Added pub type
/home/milnes/APASVERUS/APAS-AI/apas-ai/src/Chap28/MaxContigSubSumBruteStEph.rs:3:	Adding pub type: pub type T = ArraySeqStEphS<i32>;
/home/milnes/APASVERUS/APAS-AI/apas-ai/src/Chap28/MaxContigSubSumBruteStEph.rs:3:	Added pub type
/home/milnes/APASVERUS/APAS-AI/apas-ai/src/Chap28/MaxContigSubSumDivConStEph.rs:7:	Adding pub type: pub type T = ArraySeqStEphS<i32>;
/home/milnes/APASVERUS/APAS-AI/apas-ai/src/Chap28/MaxContigSubSumDivConStEph.rs:7:	Added pub type
/home/milnes/APASVERUS/APAS-AI/apas-ai/src/Chap28/MaxContigSubSumOptMtEph.rs:3:	Adding pub type: pub type T = ArraySeqMtEphS<i32>;
/home/milnes/APASVERUS/APAS-AI/apas-ai/src/Chap28/MaxContigSubSumOptMtEph.rs:3:	Added pub type
/home/milnes/APASVERUS/APAS-AI/apas-ai/src/Chap56/Example56_3.rs:1: Error: Cannot determine meaningful pub type for this module
/home/milnes/APASVERUS/APAS-AI/apas-ai/src/Chap56/PathWeightUtilsStEph.rs:13:	Adding pub type: pub type T = ArraySeqStPerS<usize>;
/home/milnes/APASVERUS/APAS-AI/apas-ai/src/Chap56/PathWeightUtilsStEph.rs:13:	Added pub type
/home/milnes/APASVERUS/APAS-AI/apas-ai/src/Chap56/PathWeightUtilsStEph.rs:13:	Transforming trait signatures to use &self
/home/milnes/APASVERUS/APAS-AI/apas-ai/src/Chap56/PathWeightUtilsStEph.rs:13:	Transformed trait signatures
/home/milnes/APASVERUS/APAS-AI/apas-ai/src/Chap56/PathWeightUtilsStEph.rs:13:	Creating impl Trait for T block
/home/milnes/APASVERUS/APAS-AI/apas-ai/src/Chap56/PathWeightUtilsStEph.rs:13:	Created impl block
/home/milnes/APASVERUS/APAS-AI/apas-ai/src/Chap56/PathWeightUtilsStEph.rs:13:	Removing redundant standalone pub fn
/home/milnes/APASVERUS/APAS-AI/apas-ai/src/Chap56/PathWeightUtilsStEph.rs:13:	Removed standalone pub fn
/home/milnes/APASVERUS/APAS-AI/apas-ai/tests/Chap56/TestPathWeightUtilsStEph.rs:1:	Fixing test call sites
/home/milnes/APASVERUS/APAS-AI/apas-ai/tests/Chap56/TestPathWeightUtilsStEph.rs:1:	Fixed test call sites
/home/milnes/APASVERUS/APAS-AI/apas-ai/benches/Chap56/BenchPathWeightUtilsStEph.rs:1:	Fixing bench call sites
/home/milnes/APASVERUS/APAS-AI/apas-ai/benches/Chap56/BenchPathWeightUtilsStEph.rs:1:	Fixed bench call sites
/home/milnes/APASVERUS/APAS-AI/apas-ai/src/Chap56/Example56_1.rs:1: Error: Cannot determine meaningful pub type for this module
/home/milnes/APASVERUS/APAS-AI/apas-ai/src/Chap56/PathWeightUtilsStPer.rs:13:	Adding pub type: pub type T = ArraySeqStPerS<usize>;
/home/milnes/APASVERUS/APAS-AI/apas-ai/src/Chap56/PathWeightUtilsStPer.rs:13:	Added pub type
/home/milnes/APASVERUS/APAS-AI/apas-ai/src/Chap56/PathWeightUtilsStPer.rs:13:	Transforming trait signatures to use &self
/home/milnes/APASVERUS/APAS-AI/apas-ai/src/Chap56/PathWeightUtilsStPer.rs:13:	Transformed trait signatures
/home/milnes/APASVERUS/APAS-AI/apas-ai/src/Chap56/PathWeightUtilsStPer.rs:13:	Creating impl Trait for T block
/home/milnes/APASVERUS/APAS-AI/apas-ai/src/Chap56/PathWeightUtilsStPer.rs:13:	Created impl block
/home/milnes/APASVERUS/APAS-AI/apas-ai/src/Chap56/PathWeightUtilsStPer.rs:13:	Removing redundant standalone pub fn
/home/milnes/APASVERUS/APAS-AI/apas-ai/src/Chap56/PathWeightUtilsStPer.rs:13:	Removed standalone pub fn
/home/milnes/APASVERUS/APAS-AI/apas-ai/tests/Chap56/TestPathWeightUtilsStPer.rs:1:	Fixing test call sites
/home/milnes/APASVERUS/APAS-AI/apas-ai/tests/Chap56/TestPathWeightUtilsStPer.rs:1:	Fixed test call sites
/home/milnes/APASVERUS/APAS-AI/apas-ai/benches/Chap56/BenchPathWeightUtilsStPer.rs:1:	Fixing bench call sites
/home/milnes/APASVERUS/APAS-AI/apas-ai/benches/Chap56/BenchPathWeightUtilsStPer.rs:1:	Fixed bench call sites
/home/milnes/APASVERUS/APAS-AI/apas-ai/src/Chap43/Example43_1.rs:3:	Adding pub type: pub type T = N;
/home/milnes/APASVERUS/APAS-AI/apas-ai/src/Chap43/Example43_1.rs:3:	Added pub type
/home/milnes/APASVERUS/APAS-AI/apas-ai/src/Chap43/Example43_1.rs:3:	Transforming trait signatures to use &self
/home/milnes/APASVERUS/APAS-AI/apas-ai/src/Chap43/Example43_1.rs:3:	Transformed trait signatures
/home/milnes/APASVERUS/APAS-AI/apas-ai/src/Chap43/Example43_1.rs:3:	Creating impl Trait for T block
Warning: Not all trait methods have standalone pub fn implementations.
Missing: ["demonstrate_ordered_operations"]
Skipping transformation for this module (needs manual handling).
/home/milnes/APASVERUS/APAS-AI/apas-ai/src/Chap43/Example43_1.rs:1: Error: Incomplete trait implementation - cannot create impl block
/home/milnes/APASVERUS/APAS-AI/apas-ai/src/lib.rs:1: Error: Cannot determine meaningful pub type for this module
/home/milnes/APASVERUS/APAS-AI/apas-ai/src/Chap64/SpanTreeMtEph.rs:5:	Adding pub type: pub type T<V> = UnDirGraphMtEph<V>;
/home/milnes/APASVERUS/APAS-AI/apas-ai/src/Chap64/SpanTreeMtEph.rs:5:	Added pub type
/home/milnes/APASVERUS/APAS-AI/apas-ai/src/Chap64/SpanTreeStEph.rs:5:	Adding pub type: pub type T<V> = UnDirGraphStEph<V>;
/home/milnes/APASVERUS/APAS-AI/apas-ai/src/Chap64/SpanTreeStEph.rs:5:	Added pub type
/home/milnes/APASVERUS/APAS-AI/apas-ai/src/Chap64/TSPApproxStEph.rs:8:	Adding pub type: pub type T<V> = LabUnDirGraphStEph<V, OrderedFloat<f64>>;
/home/milnes/APASVERUS/APAS-AI/apas-ai/src/Chap64/TSPApproxStEph.rs:8:	Added pub type
/home/milnes/APASVERUS/APAS-AI/apas-ai/src/Chap64/TSPApproxMtEph.rs:6:	Adding pub type: pub type T<V> = LabUnDirGraphMtEph<V, OrderedFloat<f64>>;
/home/milnes/APASVERUS/APAS-AI/apas-ai/src/Chap64/TSPApproxMtEph.rs:6:	Added pub type
/home/milnes/APASVERUS/APAS-AI/apas-ai/src/Chap59/JohnsonStEphInt.rs:12:	Adding pub type: pub type T = WeightedDirGraphStEphInt<usize>;
/home/milnes/APASVERUS/APAS-AI/apas-ai/src/Chap59/JohnsonStEphInt.rs:12:	Added pub type
/home/milnes/APASVERUS/APAS-AI/apas-ai/src/Chap59/JohnsonStEphInt.rs:12:	Transforming trait signatures to use &self
/home/milnes/APASVERUS/APAS-AI/apas-ai/src/Chap59/JohnsonStEphInt.rs:12:	Transformed trait signatures
/home/milnes/APASVERUS/APAS-AI/apas-ai/src/Chap59/JohnsonStEphInt.rs:12:	Creating impl Trait for T block
/home/milnes/APASVERUS/APAS-AI/apas-ai/src/Chap59/JohnsonStEphInt.rs:12:	Created impl block
/home/milnes/APASVERUS/APAS-AI/apas-ai/src/Chap59/JohnsonStEphInt.rs:12:	Removing redundant standalone pub fn
/home/milnes/APASVERUS/APAS-AI/apas-ai/src/Chap59/JohnsonStEphInt.rs:12:	Removed standalone pub fn
/home/milnes/APASVERUS/APAS-AI/apas-ai/tests/Chap59/TestJohnsonStEphInt.rs:1:	Fixing test call sites
/home/milnes/APASVERUS/APAS-AI/apas-ai/tests/Chap59/TestJohnsonStEphInt.rs:1:	Fixed test call sites
/home/milnes/APASVERUS/APAS-AI/apas-ai/benches/Chap59/BenchJohnsonStEphInt.rs:1:	Fixing bench call sites
/home/milnes/APASVERUS/APAS-AI/apas-ai/benches/Chap59/BenchJohnsonStEphInt.rs:1:	Fixed bench call sites
/home/milnes/APASVERUS/APAS-AI/apas-ai/src/Chap59/JohnsonMtEphInt.rs:13:	Adding pub type: pub type T = WeightedDirGraphMtEphInt<usize>;
/home/milnes/APASVERUS/APAS-AI/apas-ai/src/Chap59/JohnsonMtEphInt.rs:13:	Added pub type
/home/milnes/APASVERUS/APAS-AI/apas-ai/src/Chap59/JohnsonMtEphInt.rs:13:	Transforming trait signatures to use &self
/home/milnes/APASVERUS/APAS-AI/apas-ai/src/Chap59/JohnsonMtEphInt.rs:13:	Transformed trait signatures
/home/milnes/APASVERUS/APAS-AI/apas-ai/src/Chap59/JohnsonMtEphInt.rs:13:	Creating impl Trait for T block
/home/milnes/APASVERUS/APAS-AI/apas-ai/src/Chap59/JohnsonMtEphInt.rs:13:	Created impl block
/home/milnes/APASVERUS/APAS-AI/apas-ai/src/Chap59/JohnsonMtEphInt.rs:13:	Removing redundant standalone pub fn
/home/milnes/APASVERUS/APAS-AI/apas-ai/src/Chap59/JohnsonMtEphInt.rs:13:	Removed standalone pub fn
/home/milnes/APASVERUS/APAS-AI/apas-ai/tests/Chap59/TestJohnsonMtEphInt.rs:1:	Fixing test call sites
/home/milnes/APASVERUS/APAS-AI/apas-ai/tests/Chap59/TestJohnsonMtEphInt.rs:1:	Fixed test call sites
/home/milnes/APASVERUS/APAS-AI/apas-ai/benches/Chap59/BenchJohnsonMtEphInt.rs:1:	Fixing bench call sites
/home/milnes/APASVERUS/APAS-AI/apas-ai/benches/Chap59/BenchJohnsonMtEphInt.rs:1:	Fixed bench call sites
/home/milnes/APASVERUS/APAS-AI/apas-ai/src/Chap59/JohnsonMtEphFloat.rs:13:	Adding pub type: pub type T = WeightedDirGraphMtEphFloat<usize>;
/home/milnes/APASVERUS/APAS-AI/apas-ai/src/Chap59/JohnsonMtEphFloat.rs:13:	Added pub type
/home/milnes/APASVERUS/APAS-AI/apas-ai/src/Chap59/JohnsonMtEphFloat.rs:13:	Transforming trait signatures to use &self
/home/milnes/APASVERUS/APAS-AI/apas-ai/src/Chap59/JohnsonMtEphFloat.rs:13:	Transformed trait signatures
/home/milnes/APASVERUS/APAS-AI/apas-ai/src/Chap59/JohnsonMtEphFloat.rs:13:	Creating impl Trait for T block
/home/milnes/APASVERUS/APAS-AI/apas-ai/src/Chap59/JohnsonMtEphFloat.rs:13:	Created impl block
/home/milnes/APASVERUS/APAS-AI/apas-ai/src/Chap59/JohnsonMtEphFloat.rs:13:	Removing redundant standalone pub fn
/home/milnes/APASVERUS/APAS-AI/apas-ai/src/Chap59/JohnsonMtEphFloat.rs:13:	Removed standalone pub fn
/home/milnes/APASVERUS/APAS-AI/apas-ai/tests/Chap59/TestJohnsonMtEphFloat.rs:1:	Fixing test call sites
/home/milnes/APASVERUS/APAS-AI/apas-ai/tests/Chap59/TestJohnsonMtEphFloat.rs:1:	Fixed test call sites
/home/milnes/APASVERUS/APAS-AI/apas-ai/benches/Chap59/BenchJohnsonMtEphFloat.rs:1:	Fixing bench call sites
/home/milnes/APASVERUS/APAS-AI/apas-ai/benches/Chap59/BenchJohnsonMtEphFloat.rs:1:	Fixed bench call sites
/home/milnes/APASVERUS/APAS-AI/apas-ai/src/Chap59/JohnsonStEphFloat.rs:12:	Adding pub type: pub type T = WeightedDirGraphStEphFloat<usize>;
/home/milnes/APASVERUS/APAS-AI/apas-ai/src/Chap59/JohnsonStEphFloat.rs:12:	Added pub type
/home/milnes/APASVERUS/APAS-AI/apas-ai/src/Chap59/JohnsonStEphFloat.rs:12:	Transforming trait signatures to use &self
/home/milnes/APASVERUS/APAS-AI/apas-ai/src/Chap59/JohnsonStEphFloat.rs:12:	Transformed trait signatures
/home/milnes/APASVERUS/APAS-AI/apas-ai/src/Chap59/JohnsonStEphFloat.rs:12:	Creating impl Trait for T block
/home/milnes/APASVERUS/APAS-AI/apas-ai/src/Chap59/JohnsonStEphFloat.rs:12:	Created impl block
/home/milnes/APASVERUS/APAS-AI/apas-ai/src/Chap59/JohnsonStEphFloat.rs:12:	Removing redundant standalone pub fn
/home/milnes/APASVERUS/APAS-AI/apas-ai/src/Chap59/JohnsonStEphFloat.rs:12:	Removed standalone pub fn
/home/milnes/APASVERUS/APAS-AI/apas-ai/tests/Chap59/TestJohnsonStEphFloat.rs:1:	Fixing test call sites
/home/milnes/APASVERUS/APAS-AI/apas-ai/tests/Chap59/TestJohnsonStEphFloat.rs:1:	Fixed test call sites
/home/milnes/APASVERUS/APAS-AI/apas-ai/benches/Chap59/BenchJohnsonStEphFloat.rs:1:	Fixing bench call sites
/home/milnes/APASVERUS/APAS-AI/apas-ai/benches/Chap59/BenchJohnsonStEphFloat.rs:1:	Fixed bench call sites

Summary: 75 files fixed, 159 files skipped, 8 files with errors
Completed in 2393ms
