=== Fix Min Typing ===
Entering directory '/home/milnes/APASVERUS/APAS-AI/apas-ai'
Fixing 2 cases in tests/Chap55/TestTopoSortStEph.rs...
  TypeConstructor: 2
Fixing 1 cases in tests/Chap55/TestCycleDetectStEph.rs...
  TypeConstructor: 1
Fixing 1 cases in tests/Chap55/TestDFSStEph.rs...
  TypeConstructor: 1
Fixing 1 cases in tests/Chap55/TestDFSStPer.rs...
  TypeConstructor: 1
Fixing 1 cases in tests/Chap55/TestCycleDetectStPer.rs...
  TypeConstructor: 1
Fixing 2 cases in tests/Chap55/TestTopoSortStPer.rs...
  TypeConstructor: 2
Fixing 7 cases in tests/Chap41/TestAVLTreeSetStEph.rs...
  TypeConstructor: 7
Fixing 1 cases in tests/Chap41/TestArraySetStEph.rs...
  TypeConstructor: 1
Fixing 1 cases in tests/Chap41/TestAVLTreeSetMtPer.rs...
  TypeConstructor: 1
Fixing 6 cases in tests/Chap41/TestAVLTreeSetMtEph.rs...
  TypeConstructor: 6
Fixing 1 cases in tests/Chap41/TestAVLTreeSetStPer.rs...
  TypeConstructor: 1
Fixing 16 cases in tests/Chap38/TestBSTParaMtEph.rs...
  TypeConstructor: 1
  Collect: 15
Fixing 1 cases in tests/Chap38/TestBSTParaStEph.rs...
  TypeConstructor: 1
Fixing 1 cases in tests/Chap42/TestTableStEph.rs...
  TypeConstructor: 1
Fixing 1 cases in tests/Chap42/TestTableMtEph.rs...
  TypeConstructor: 1
Fixing 2 cases in tests/Chap42/TestTableStPer.rs...
  TypeConstructor: 2
Fixing 1 cases in tests/Chap19/TestChap19StSimpleCallsProof.rs...
  TypeConstructor: 1
Fixing 4 cases in tests/Chap19/TestArraySeqMtEphSlice.rs...
  TypeConstructor: 4
Fixing 1 cases in tests/Chap19/TestChap19SimpleCallsProof.rs...
  TypeConstructor: 1
Fixing 3 cases in tests/Chap19/TestArraySeqStPerChap19.rs...
  TypeConstructor: 2
  Collect: 1
Fixing 2 cases in tests/Chap19/TestArraySeqStEphChap19.rs...
  TypeConstructor: 1
  Collect: 1
Fixing 2 cases in tests/Chap19/TestArraySeqMtEph.rs...
  TypeConstructor: 2
Fixing 2 cases in tests/Chap06/TestWeightedDirGraphMtEphInt.rs...
  TypeConstructor: 2
Fixing 61 cases in tests/Chap06/TestDirGraphMtEph.rs...
  TypeConstructor: 60
  Collect: 1
Fixing 42 cases in tests/Chap06/TestDirGraphStEph.rs...
  TypeConstructor: 41
  Collect: 1
Fixing 4 cases in tests/Chap06/TestWeightedDirGraphStEphFloat.rs...
  TypeConstructor: 4
Fixing 1 cases in tests/Chap06/TestWeightedUnDirGraphStEphFloat.rs...
  TypeConstructor: 1
Fixing 4 cases in tests/Chap06/TestLabUnDirGraphMtEph.rs...
  TypeConstructor: 4
Fixing 2 cases in tests/Chap06/TestWeightedDirGraphMtEphFloat.rs...
  TypeConstructor: 2
Fixing 7 cases in tests/Chap06/TestLabUnDirGraphStEph.rs...
  TypeConstructor: 7
Fixing 3 cases in tests/Chap06/TestWeightedUnDirGraphMtEphInt.rs...
  TypeConstructor: 3
Fixing 6 cases in tests/Chap06/TestLabDirGraphStEph.rs...
  TypeConstructor: 6
Fixing 1 cases in tests/Chap06/TestWeightedUnDirGraphStEphInt.rs...
  TypeConstructor: 1
Fixing 3 cases in tests/Chap06/TestUnDirGraphStEph.rs...
  TypeConstructor: 3
Fixing 3 cases in tests/Chap06/TestWeightedUnDirGraphMtEphFloat.rs...
  TypeConstructor: 3
Fixing 5 cases in tests/Chap06/TestUnDirGraphMtEph.rs...
  TypeConstructor: 5
Fixing 3 cases in tests/Chap06/TestLabDirGraphMtEph.rs...
  TypeConstructor: 3
Fixing 1 cases in tests/Chap49/TestMinEditDistMtEph.rs...
  TypeConstructor: 1
Fixing 3 cases in tests/Chap49/TestSubsetSumStPer.rs...
  TypeConstructor: 1
  Collect: 2
Fixing 4 cases in tests/Chap49/TestSubsetSumStEph.rs...
  TypeConstructor: 1
  Collect: 3
Fixing 1 cases in tests/Chap49/TestSubsetSumMtEph.rs...
  TypeConstructor: 1
Fixing 3 cases in tests/Chap49/TestMinEditDistStPer.rs...
  TypeConstructor: 1
  Collect: 2
Fixing 1 cases in tests/Chap49/TestSubsetSumMtPer.rs...
  TypeConstructor: 1
Fixing 1 cases in tests/Chap49/TestMinEditDistMtPer.rs...
  TypeConstructor: 1
Fixing 4 cases in tests/Chap49/TestMinEditDistStEph.rs...
  TypeConstructor: 1
  Collect: 3
Fixing 2 cases in tests/Chap03/TestInsertionSortStEph.rs...
  TypeConstructor: 1
  Collect: 1
Fixing 1 cases in tests/Chap47/TestStructChainedHashTable.rs...
  TypeConstructor: 1
Fixing 5 cases in tests/Chap47/TestLinProbFlatHashTable.rs...
  TypeConstructor: 5
Fixing 14 cases in tests/Chap52/TestAdjTableGraphStPer.rs...
  TypeConstructor: 14
Fixing 7 cases in tests/Chap52/TestEdgeSetGraphStPer.rs...
  TypeConstructor: 7
Fixing 1 cases in tests/Chap52/TestAdjTableGraphMtPer.rs...
  TypeConstructor: 1
Fixing 1 cases in tests/Chap52/TestAdjTableGraphStEph.rs...
  TypeConstructor: 1
Fixing 1 cases in tests/Chap21/TestAlgorithm_21_1.rs...
  Collect: 1
Fixing 2 cases in tests/Chap21/TestAlgorithm_21_5.rs...
  Collect: 2
Fixing 1 cases in tests/Chap21/TestAlgorithm_21_2.rs...
  Collect: 1
Fixing 1 cases in tests/Chap21/TestExercise_21_5.rs...
  Collect: 1
Fixing 5 cases in tests/Chap39/TestBSTTreapMtEph.rs...
  TypeConstructor: 5
Fixing 1 cases in tests/Chap39/TestBSTSetTreapMtEph.rs...
  TypeConstructor: 1
Fixing 15 cases in tests/Chap65/TestUnionFindStEph.rs...
  TypeConstructor: 15
Fixing 4 cases in tests/Chap50/TestOptBinSearchTreeStEph.rs...
  TypeConstructor: 1
  Collect: 3
Fixing 3 cases in tests/Chap50/TestOptBinSearchTreeStPer.rs...
  TypeConstructor: 1
  Collect: 2
Fixing 1 cases in tests/Chap50/TestMatrixChainStPer.rs...
  Collect: 1
Fixing 3 cases in tests/Chap50/TestMatrixChainStEph.rs...
  Collect: 3
Fixing 2 cases in tests/Chap45/TestBinaryHeapPQ.rs...
  TypeConstructor: 2
Fixing 4 cases in tests/Chap45/TestUnsortedListPQ.rs...
  TypeConstructor: 4
Fixing 1 cases in tests/Chap45/TestLeftistHeapPQ.rs...
  TypeConstructor: 1
Fixing 1 cases in tests/Chap45/TestBalancedTreePQ.rs...
  TypeConstructor: 1
Fixing 7 cases in tests/Chap12/TestExercise12_5.rs...
  TypeConstructor: 4
  Collect: 3
Fixing 3 cases in tests/Chap57/TestStackStEph.rs...
  TypeConstructor: 3
Fixing 1 cases in tests/Chap61/TestVertexMatchingMtEph.rs...
  Collect: 1
Fixing 1 cases in tests/Chap61/TestVertexMatchingStEph.rs...
  Collect: 1
Fixing 2 cases in tests/Chap36/TestQuickSortMtEphSlice.rs...
  Collect: 2
Fixing 2 cases in tests/Chap36/TestQuickSortMtEph.rs...
  Collect: 2
Fixing 21 cases in tests/Chap05/TestSetStEph.rs...
  TypeConstructor: 10
  Collect: 11
Fixing 4 cases in tests/Chap05/TestMappingStEph.rs...
  TypeConstructor: 1
  Collect: 3
Fixing 13 cases in tests/Chap05/TestRelationStEph.rs...
  TypeConstructor: 5
  Collect: 8
Fixing 3 cases in tests/Chap23/TestPrimTreeSeqStPer.rs...
  TypeConstructor: 3
Fixing 2 cases in tests/TestLibIntegration.rs...
  TypeConstructor: 2
Fixing 1 cases in tests/Chap43/TestOrderedTableMtEph.rs...
  TypeConstructor: 1
Fixing 2 cases in tests/Chap43/TestOrderedSetMtEph.rs...
  TypeConstructor: 2
Fixing 3 cases in tests/Chap43/TestOrderedTableStPer.rs...
  TypeConstructor: 3
Fixing 2 cases in tests/Chap43/TestOrderedSetStEph.rs...
  TypeConstructor: 2
Fixing 1 cases in tests/Chap43/TestAugOrderedTableStPer.rs...
  TypeConstructor: 1
Fixing 2 cases in tests/Chap43/TestOrderedSetStPer.rs...
  TypeConstructor: 2
Fixing 1 cases in tests/Chap43/TestAugOrderedTableMtEph.rs...
  TypeConstructor: 1
Fixing 1 cases in tests/Chap43/TestAugOrderedTableStEph.rs...
  TypeConstructor: 1
Fixing 21 cases in tests/Chap18/TestArraySeqStPerChap18.rs...
  TypeConstructor: 11
  Collect: 10
Fixing 14 cases in tests/Chap18/TestArraySeqMtEphChap18.rs...
  TypeConstructor: 14
Fixing 11 cases in tests/Chap18/TestArraySeqStEphChap18.rs...
  TypeConstructor: 9
  Collect: 2
Fixing 11 cases in tests/Chap18/TestArraySeq.rs...
  TypeConstructor: 10
  Collect: 1
Fixing 37 cases in tests/Chap18/TestArraySeqMtPerChap18.rs...
  TypeConstructor: 30
  Collect: 7
Fixing 11 cases in tests/Chap18/TestMathSeq.rs...
  TypeConstructor: 2
  Collect: 9
Fixing 1 cases in tests/Chap18/TestLinkedListStPerChap18.rs...
  Collect: 1
Fixing 1 cases in tests/Chap37/TestBSTSplayStEph.rs...
  TypeConstructor: 1
Fixing 14 cases in tests/Chap37/TestAVLTreeSeq.rs...
  TypeConstructor: 5
  Collect: 9
Fixing 3 cases in tests/Chap37/TestBSTRBMtEph.rs...
  TypeConstructor: 3
Fixing 2 cases in tests/Chap37/TestBSTPlainMtEph.rs...
  TypeConstructor: 2
Fixing 3 cases in tests/Chap37/TestBSTSplayMtEph.rs...
  TypeConstructor: 3
Fixing 3 cases in tests/Chap37/TestBSTBBAlphaMtEph.rs...
  TypeConstructor: 3
Fixing 1 cases in tests/Chap37/TestBSTSetBBAlphaMtEph.rs...
  TypeConstructor: 1
Fixing 1 cases in tests/Chap37/TestBSTSetAVLMtEph.rs...
  TypeConstructor: 1
Fixing 6 cases in tests/Chap37/TestBSTBBAlphaStEph.rs...
  TypeConstructor: 6
Fixing 3 cases in tests/Chap37/TestBSTAVLStEph.rs...
  TypeConstructor: 2
  Collect: 1
Fixing 3 cases in tests/Chap37/TestBSTAVLMtEph.rs...
  TypeConstructor: 3
Fixing 5 cases in tests/Chap37/TestAVLTreeSeqStEph18.rs...
  TypeConstructor: 2
  Collect: 3
Fixing 6 cases in tests/Chap37/TestBSTMtEph.rs...
  Collect: 6
Fixing 1 cases in tests/Chap37/TestBSTSetSplayMtEph.rs...
  TypeConstructor: 1
Fixing 16 cases in tests/Chap37/TestAVLTreeSeqStEphChap37.rs...
  TypeConstructor: 8
  Collect: 8
Fixing 2 cases in tests/Chap37/TestBSTRBStEph.rs...
  TypeConstructor: 2
Fixing 1 cases in tests/Chap37/TestBSTSetPlainMtEph.rs...
  TypeConstructor: 1
Fixing 15 cases in tests/Chap37/TestAVLTreeSeqStPer.rs...
  TypeConstructor: 9
  Collect: 6
Fixing 2 cases in tests/Chap37/TestBSTPlainStEph.rs...
  TypeConstructor: 2
Fixing 11 cases in tests/Chap37/TestAVLTreeSeqMtPer.rs...
  TypeConstructor: 10
  Collect: 1
Fixing 1 cases in tests/Chap37/TestBSTSetRBMtEph.rs...
  TypeConstructor: 1
Fixing 1 cases in src/Chap55/SCCStEph.rs...
  TypeConstructor: 1
Fixing 6 cases in src/Chap41/AVLTreeSetMtPer.rs...
  Collect: 6
Fixing 1 cases in src/Chap42/TableStPer.rs...
  Collect: 1
Fixing 5 cases in src/Chap19/ArraySeqMtEphSlice.rs...
  TypeConstructor: 3
  Collect: 2
Fixing 6 cases in src/Chap19/ArraySeqMtEph.rs...
  TypeConstructor: 2
  Collect: 4
Fixing 1 cases in src/Chap19/ArraySeqStPer.rs...
  TypeConstructor: 1
Fixing 2 cases in src/Chap58/BellmanFordStEphFloat.rs...
  TypeConstructor: 2
Fixing 2 cases in src/Chap58/BellmanFordStEphInt.rs...
  TypeConstructor: 2
Fixing 1 cases in src/Chap06/WeightedUnDirGraphMtEphFloat.rs...
  Collect: 1
Fixing 1 cases in src/Chap06/WeightedUnDirGraphMtEphInt.rs...
  Collect: 1
Fixing 1 cases in src/Chap06/LabUnDirGraphMtEph.rs...
  Collect: 1
Fixing 2 cases in src/Chap06/WeightedDirGraphMtEphFloat.rs...
  Collect: 2
Fixing 2 cases in src/Chap06/UnDirGraphMtEph.rs...
  Collect: 2
Fixing 5 cases in src/Chap06/DirGraphMtEph.rs...
  Collect: 5
Fixing 2 cases in src/Chap06/WeightedDirGraphStEphFloat.rs...
  Collect: 2
Fixing 2 cases in src/Chap06/WeightedDirGraphMtEphInt.rs...
  Collect: 2
Fixing 2 cases in src/Chap06/LabDirGraphMtEph.rs...
  Collect: 2
Fixing 1 cases in src/Chap62/StarPartitionStEph.rs...
  TypeConstructor: 1
Fixing 1 cases in src/Chap62/StarContractionMtEph.rs...
  Collect: 1
Fixing 5 cases in src/Chap62/StarPartitionMtEph.rs...
  TypeConstructor: 4
  Collect: 1
Fixing 1 cases in src/Chap52/EdgeSetGraphStEph.rs...
  TypeConstructor: 1
Fixing 2 cases in src/Chap52/AdjSeqGraphStEph.rs...
  TypeConstructor: 2
Fixing 2 cases in src/Chap52/AdjSeqGraphStPer.rs...
  TypeConstructor: 2
Fixing 1 cases in src/Chap52/AdjTableGraphStEph.rs...
  Collect: 1
Fixing 2 cases in src/Chap52/AdjSeqGraphMtEph.rs...
  TypeConstructor: 2
Fixing 4 cases in src/Chap17/MathSeq.rs...
  TypeConstructor: 4
Fixing 1 cases in src/Chap21/Problem21_1.rs...
  TypeConstructor: 1
Fixing 1 cases in src/Chap21/Problem21_3.rs...
  TypeConstructor: 1
Fixing 1 cases in src/Chap21/Problem21_4.rs...
  TypeConstructor: 1
Fixing 1 cases in src/Chap63/ConnectivityMtEph.rs...
  Collect: 1
Fixing 10 cases in src/Chap39/BSTSetTreapMtEph.rs...
  TypeConstructor: 2
  Collect: 8
Fixing 3 cases in src/Chap51/BottomUpDPMtPer.rs...
  Collect: 3
Fixing 3 cases in src/Chap51/BottomUpDPMtEph.rs...
  Collect: 3
Fixing 1 cases in src/Chap65/KruskalStEph.rs...
  Collect: 1
Fixing 1 cases in src/Chap65/UnionFindStEph.rs...
  Collect: 1
Fixing 1 cases in src/Chap65/PrimStEph.rs...
  TypeConstructor: 1
Fixing 3 cases in src/Chap50/OptBinSearchTreeMtEph.rs...
  TypeConstructor: 1
  Collect: 2
Fixing 2 cases in src/Chap50/MatrixChainMtPer.rs...
  Collect: 2
Fixing 3 cases in src/Chap50/OptBinSearchTreeMtPer.rs...
  TypeConstructor: 1
  Collect: 2
Fixing 1 cases in src/Chap50/OptBinSearchTreeStPer.rs...
  TypeConstructor: 1
Fixing 1 cases in src/Chap50/OptBinSearchTreeStEph.rs...
  TypeConstructor: 1
Fixing 2 cases in src/Chap50/MatrixChainMtEph.rs...
  Collect: 2
Fixing 2 cases in src/Chap45/LeftistHeapPQ.rs...
  Collect: 2
Fixing 2 cases in src/Chap57/DijkstraStEphInt.rs...
  TypeConstructor: 2
Fixing 2 cases in src/Chap57/DijkstraStEphFloat.rs...
  TypeConstructor: 2
Fixing 1 cases in src/Chap61/VertexMatchingStEph.rs...
  TypeConstructor: 1
Fixing 1 cases in src/Chap61/EdgeContractionMtEph.rs...
  Collect: 1
Fixing 5 cases in src/Chap61/VertexMatchingMtEph.rs...
  TypeConstructor: 1
  Collect: 4
Fixing 1 cases in src/Chap61/EdgeContractionStEph.rs...
  TypeConstructor: 1
Fixing 2 cases in src/Chap05/MappingStEph.rs...
  TypeConstructor: 1
  Collect: 1
Fixing 2 cases in src/Chap05/SetStEph.rs...
  TypeConstructor: 2
Fixing 2 cases in src/Chap05/RelationStEph.rs...
  TypeConstructor: 2
Fixing 2 cases in src/Chap43/OrderedSetMtEph.rs...
  Collect: 2
Fixing 11 cases in src/Chap18/ArraySeq.rs...
  TypeConstructor: 8
  Collect: 3
Fixing 13 cases in src/Chap18/LinkedListStPer.rs...
  TypeConstructor: 10
  Collect: 3
Fixing 9 cases in src/Chap18/ArraySeqStEph.rs...
  TypeConstructor: 8
  Collect: 1
Fixing 10 cases in src/Chap18/ArraySeqMtPer.rs...
  TypeConstructor: 9
  Collect: 1
Fixing 8 cases in src/Chap18/ArraySeqMtEph.rs...
  TypeConstructor: 8
Fixing 11 cases in src/Chap18/LinkedListStEph.rs...
  TypeConstructor: 10
  Collect: 1
Fixing 9 cases in src/Chap18/ArraySeqStPer.rs...
  TypeConstructor: 8
  Collect: 1
Fixing 5 cases in src/Chap66/BoruvkaMtEph.rs...
  TypeConstructor: 2
  Collect: 3
Fixing 4 cases in src/Chap66/BoruvkaStEph.rs...
  TypeConstructor: 4
Fixing 2 cases in src/Chap64/TSPApproxStEph.rs...
  TypeConstructor: 2
Fixing 2 cases in src/Chap64/TSPApproxMtEph.rs...
  TypeConstructor: 2
Fixing 10 cases in src/Chap37/BSTSetAVLMtEph.rs...
  TypeConstructor: 2
  Collect: 8
Fixing 1 cases in src/Chap37/AVLTreeSeqStPer.rs...
  TypeConstructor: 1
Fixing 10 cases in src/Chap37/BSTSetPlainMtEph.rs...
  TypeConstructor: 2
  Collect: 8
Fixing 2 cases in src/Chap37/AVLTreeSeq.rs...
  TypeConstructor: 2
Fixing 10 cases in src/Chap37/BSTSetSplayMtEph.rs...
  TypeConstructor: 2
  Collect: 8
Fixing 10 cases in src/Chap37/BSTSetRBMtEph.rs...
  TypeConstructor: 2
  Collect: 8
Fixing 2 cases in src/Chap37/AVLTreeSeqStEph.rs...
  TypeConstructor: 2
Fixing 10 cases in src/Chap37/BSTSetBBAlphaMtEph.rs...
  TypeConstructor: 2
  Collect: 8
Fixing 2 cases in benches/Chap35/BenchOrderStatSelectStEph.rs...
  TypeConstructor: 2
Fixing 2 cases in benches/Chap35/BenchOrderStatSelectMtPer.rs...
  TypeConstructor: 2
Fixing 2 cases in benches/Chap35/BenchOrderStatSelectMtEph.rs...
  TypeConstructor: 2
Fixing 2 cases in benches/Chap35/BenchOrderStatSelectStPer.rs...
  TypeConstructor: 2
Fixing 1 cases in benches/Chap17/BenchMathSeq.rs...
  TypeConstructor: 1
Fixing 5 cases in benches/Chap65/BenchUnionFindStEph.rs...
  TypeConstructor: 5
Fixing 2 cases in benches/Chap50/BenchOptBinSearchTreeStPer.rs...
  Collect: 2
Fixing 2 cases in benches/Chap50/BenchOptBinSearchTreeStEph.rs...
  Collect: 2
Fixing 6 cases in benches/Chap45/BenchLeftistHeapPQ.rs...
  Collect: 6
Fixing 1 cases in benches/Chap45/BenchHeapsortExample.rs...
  Collect: 1
Fixing 6 cases in benches/Chap45/BenchSortedListPQ.rs...
  Collect: 6
Fixing 6 cases in benches/Chap45/BenchBinaryHeapPQ.rs...
  Collect: 6
Fixing 6 cases in benches/Chap45/BenchBalancedTreePQ.rs...
  Collect: 6
Fixing 6 cases in benches/Chap45/BenchUnsortedListPQ.rs...
  Collect: 6
Fixing 3 cases in benches/Chap28/BenchMaxContigSubSumDivConOptStEph.rs...
  TypeConstructor: 3
Fixing 3 cases in benches/Chap28/BenchMaxContigSubSumOptMtEph.rs...
  TypeConstructor: 3
Fixing 2 cases in benches/Chap28/BenchMaxContigSubSumDivConMtEph.rs...
  TypeConstructor: 2
Fixing 1 cases in benches/Chap28/BenchMaxContigSubSumBruteStEph.rs...
  TypeConstructor: 1
Fixing 2 cases in benches/Chap28/BenchMaxContigSubSumDivConOptMtEph.rs...
  TypeConstructor: 2
Fixing 3 cases in benches/Chap28/BenchMaxContigSubSumOptStEph.rs...
  TypeConstructor: 3
Fixing 2 cases in benches/Chap28/BenchMaxContigSubSumDivConStEph.rs...
  TypeConstructor: 2
Fixing 2 cases in benches/Chap28/BenchMaxContigSubSumReducedStEph.rs...
  TypeConstructor: 2
Fixing 10 cases in benches/Chap05/BenchSetStEph.rs...
  TypeConstructor: 9
  Collect: 1
Fixing 6 cases in benches/Chap05/BenchRelationStEph.rs...
  TypeConstructor: 6
Fixing 6 cases in benches/Chap56/BenchPathWeightUtilsStPer.rs...
  Collect: 6
Fixing 6 cases in benches/Chap56/BenchPathWeightUtilsStEph.rs...
  Collect: 6
Fixing 1 cases in benches/Chap43/BenchOrderedTableStEph.rs...
  Collect: 1
Fixing 8 cases in benches/Chap43/BenchAugOrderedTableMtEph.rs...
  Collect: 8
Fixing 1 cases in benches/Chap18/BenchLinkedListStPer.rs...
  TypeConstructor: 1
Fixing 2 cases in benches/Chap18/BenchArraySeqMtEphChap18.rs...
  TypeConstructor: 2
Fixing 5 cases in benches/Chap66/BenchBoruvkaStEph.rs...
  Collect: 5
Fixing 5 cases in benches/Chap66/BenchBoruvkaMtEph.rs...
  Collect: 5
Fixing 1 cases in benches/Chap37/BenchAVLTreeSeqStPerChap37Build.rs...
  TypeConstructor: 1
Fixing 1 cases in benches/Chap37/BenchAVLTreeSeqStPer.rs...
  TypeConstructor: 1

================================================================================
SUMMARY:
  Files modified: 220
  Total fixes applied: 953
Completed in 250ms
